[ 2023-06-25 13:42:23,509 ] 19 root - INFO - Connecting to a Database
[ 2023-06-25 13:42:23,524 ] 27 root - INFO - Successfully connected
[ 2023-06-25 13:42:23,524 ] 41 root - INFO - Reading the Train data from the database
[ 2023-06-25 13:42:23,698 ] 46 root - INFO - Reading the Train data successful
[ 2023-06-25 13:42:23,699 ] 60 root - INFO - Reading the test data from the database
[ 2023-06-25 13:42:23,891 ] 65 root - INFO - Reading the test data successful
[ 2023-06-25 13:42:23,893 ] 27 root - INFO - <<<<<<<<<<<<<<<<<<<<<<<<<<<<<< Started data transformation for Train Data >>>>>>>>>>>>>>>>>>>>>>>>>>>>>>
[ 2023-06-25 13:42:23,893 ] 28 root - INFO - Started reading the train data
[ 2023-06-25 13:42:23,911 ] 31 root - INFO - Reading the train data completed
[ 2023-06-25 13:42:23,912 ] 37 root - INFO -  Started Filling the null Values of Item weight
[ 2023-06-25 13:42:23,933 ] 45 root - INFO - Completed filling the null values
[ 2023-06-25 13:42:23,933 ] 47 root - INFO - Started filling null values of Outlet size
[ 2023-06-25 13:42:23,935 ] 50 root - INFO - Filling null values of Outlet size is completed
[ 2023-06-25 13:42:23,935 ] 54 root - INFO - Started replacing the values of Item fat content
[ 2023-06-25 13:42:23,937 ] 60 root - INFO - Replacing the values of Item fat content completed
[ 2023-06-25 13:42:23,938 ] 65 root - INFO - Applying label encoding to Item type and Outlet identifier
[ 2023-06-25 13:42:23,940 ] 70 root - INFO - Applying label encoding to Item type and Outlet identifier completed
[ 2023-06-25 13:42:23,941 ] 70 root - INFO - Applying label encoding to Item type and Outlet identifier completed
[ 2023-06-25 13:42:23,941 ] 78 root - INFO - Started Label encoding to Item fat content
[ 2023-06-25 13:42:23,947 ] 81 root - INFO - Label encoding to Item fat content completed
[ 2023-06-25 13:42:23,947 ] 85 root - INFO - Started Label encoding to outlet size
[ 2023-06-25 13:42:23,951 ] 88 root - INFO - Label encoding to outlet size completed
[ 2023-06-25 13:42:23,951 ] 92 root - INFO - Started Label encoding to outlet location type
[ 2023-06-25 13:42:23,958 ] 95 root - INFO -  Label encoding to outlet location type completed
[ 2023-06-25 13:42:23,958 ] 99 root - INFO - Started Label encoding to outlet type
[ 2023-06-25 13:42:23,963 ] 102 root - INFO - Label encoding to outlet type completed
[ 2023-06-25 13:42:23,963 ] 106 root - INFO - <<<<<<<<<<<<<<<<<<<<<<<<<<<<<< Completed data transformation for Train Data >>>>>>>>>>>>>>>>>>>>>>>>>>>>>>
[ 2023-06-25 13:42:23,963 ] 111 root - INFO - <<<<<<<<<<<<<<<<<<<<<<<<<<<<<< Started data transformation for Test Data >>>>>>>>>>>>>>>>>>>>>>>>>>>>>>
[ 2023-06-25 13:42:23,964 ] 112 root - INFO - Started reading the test data
[ 2023-06-25 13:42:23,980 ] 115 root - INFO - Reading the test data completed
[ 2023-06-25 13:42:23,981 ] 121 root - INFO -  Started Filling the null Values of Item weight
[ 2023-06-25 13:42:23,998 ] 129 root - INFO - Completed filling the null values
[ 2023-06-25 13:42:23,998 ] 131 root - INFO - Started filling null values of Outlet size
[ 2023-06-25 13:42:24,000 ] 134 root - INFO - Filling null values of Outlet size is completed
[ 2023-06-25 13:42:24,000 ] 138 root - INFO - Started replacing the values of Item fat content
[ 2023-06-25 13:42:24,001 ] 144 root - INFO - Replacing the values of Item fat content completed
[ 2023-06-25 13:42:24,002 ] 149 root - INFO - Applying label encoding to Item type and Outlet identifier
[ 2023-06-25 13:42:24,005 ] 154 root - INFO - Applying label encoding to Item type and Outlet identifier completed
[ 2023-06-25 13:42:24,006 ] 154 root - INFO - Applying label encoding to Item type and Outlet identifier completed
[ 2023-06-25 13:42:24,006 ] 162 root - INFO - Started Label encoding to Item fat content
[ 2023-06-25 13:42:24,010 ] 165 root - INFO - Label encoding to Item fat content completed
[ 2023-06-25 13:42:24,010 ] 169 root - INFO - Started Label encoding to outlet size
[ 2023-06-25 13:42:24,014 ] 172 root - INFO - Label encoding to outlet size completed
[ 2023-06-25 13:42:24,014 ] 176 root - INFO - Started Label encoding to outlet location type
[ 2023-06-25 13:42:24,017 ] 179 root - INFO -  Label encoding to outlet location type completed
[ 2023-06-25 13:42:24,017 ] 183 root - INFO - Started Label encoding to outlet type
[ 2023-06-25 13:42:24,021 ] 186 root - INFO - Label encoding to outlet type completed
[ 2023-06-25 13:42:24,022 ] 190 root - INFO - <<<<<<<<<<<<<<<<<<<<<<<<<<<<<< Completed data transformation for Test Data >>>>>>>>>>>>>>>>>>>>>>>>>>>>>>
