[ 2023-06-25 16:01:10,303 ] 16 root - INFO - Connecting to a Database
[ 2023-06-25 16:01:10,825 ] 24 root - INFO - Successfully connected
[ 2023-06-25 16:01:10,825 ] 32 root - INFO - Reading the Train data from the database
[ 2023-06-25 16:01:11,700 ] 37 root - INFO - Reading the Train data successful
[ 2023-06-25 16:01:11,708 ] 45 root - INFO - Reading the test data from the database
[ 2023-06-25 16:01:12,067 ] 50 root - INFO - Reading the test data successful
[ 2023-06-25 16:01:12,075 ] 22 root - INFO - <<<<<<<<<<<<<<<<<<<<<<<<<<<<<< Started data transformation for Train Data >>>>>>>>>>>>>>>>>>>>>>>>>>>>>>
[ 2023-06-25 16:01:12,075 ] 23 root - INFO - Started reading the train data
[ 2023-06-25 16:01:12,179 ] 26 root - INFO - Reading the train data completed
[ 2023-06-25 16:01:12,361 ] 32 root - INFO -  Started Filling the null Values of Item weight
[ 2023-06-25 16:01:12,535 ] 40 root - INFO - Completed filling the null values
[ 2023-06-25 16:01:12,535 ] 42 root - INFO - Started filling null values of Outlet size
[ 2023-06-25 16:01:12,543 ] 45 root - INFO - Filling null values of Outlet size is completed
[ 2023-06-25 16:01:12,543 ] 49 root - INFO - Started replacing the values of Item fat content
[ 2023-06-25 16:01:12,583 ] 55 root - INFO - Replacing the values of Item fat content completed
[ 2023-06-25 16:01:12,583 ] 60 root - INFO - Applying label encoding to Item type and Outlet identifier
[ 2023-06-25 16:01:12,591 ] 65 root - INFO - Applying label encoding to Item type and Outlet identifier completed
[ 2023-06-25 16:01:12,599 ] 65 root - INFO - Applying label encoding to Item type and Outlet identifier completed
[ 2023-06-25 16:01:12,599 ] 73 root - INFO - Started Label encoding to Item fat content
[ 2023-06-25 16:01:12,615 ] 76 root - INFO - Label encoding to Item fat content completed
[ 2023-06-25 16:01:12,615 ] 80 root - INFO - Started Label encoding to outlet size
[ 2023-06-25 16:01:12,623 ] 83 root - INFO - Label encoding to outlet size completed
[ 2023-06-25 16:01:12,623 ] 87 root - INFO - Started Label encoding to outlet location type
[ 2023-06-25 16:01:12,631 ] 90 root - INFO -  Label encoding to outlet location type completed
[ 2023-06-25 16:01:12,639 ] 94 root - INFO - Started Label encoding to outlet type
[ 2023-06-25 16:01:12,647 ] 97 root - INFO - Label encoding to outlet type completed
[ 2023-06-25 16:01:12,647 ] 101 root - INFO - <<<<<<<<<<<<<<<<<<<<<<<<<<<<<< Completed data transformation for Train Data >>>>>>>>>>>>>>>>>>>>>>>>>>>>>>
[ 2023-06-25 16:01:12,647 ] 106 root - INFO - <<<<<<<<<<<<<<<<<<<<<<<<<<<<<< Started data transformation for Test Data >>>>>>>>>>>>>>>>>>>>>>>>>>>>>>
[ 2023-06-25 16:01:12,647 ] 107 root - INFO - Started reading the test data
[ 2023-06-25 16:01:12,690 ] 110 root - INFO - Reading the test data completed
[ 2023-06-25 16:01:12,698 ] 116 root - INFO -  Started Filling the null Values of Item weight
[ 2023-06-25 16:01:12,764 ] 124 root - INFO - Completed filling the null values
[ 2023-06-25 16:01:12,764 ] 126 root - INFO - Started filling null values of Outlet size
[ 2023-06-25 16:01:12,772 ] 129 root - INFO - Filling null values of Outlet size is completed
[ 2023-06-25 16:01:12,772 ] 133 root - INFO - Started replacing the values of Item fat content
[ 2023-06-25 16:01:12,780 ] 139 root - INFO - Replacing the values of Item fat content completed
[ 2023-06-25 16:01:12,780 ] 144 root - INFO - Applying label encoding to Item type and Outlet identifier
[ 2023-06-25 16:01:12,790 ] 149 root - INFO - Applying label encoding to Item type and Outlet identifier completed
[ 2023-06-25 16:01:12,790 ] 149 root - INFO - Applying label encoding to Item type and Outlet identifier completed
[ 2023-06-25 16:01:12,790 ] 157 root - INFO - Started Label encoding to Item fat content
[ 2023-06-25 16:01:12,814 ] 160 root - INFO - Label encoding to Item fat content completed
[ 2023-06-25 16:01:12,814 ] 164 root - INFO - Started Label encoding to outlet size
[ 2023-06-25 16:01:12,830 ] 167 root - INFO - Label encoding to outlet size completed
[ 2023-06-25 16:01:12,830 ] 171 root - INFO - Started Label encoding to outlet location type
[ 2023-06-25 16:01:12,846 ] 174 root - INFO -  Label encoding to outlet location type completed
[ 2023-06-25 16:01:12,846 ] 178 root - INFO - Started Label encoding to outlet type
[ 2023-06-25 16:01:12,862 ] 181 root - INFO - Label encoding to outlet type completed
[ 2023-06-25 16:01:12,862 ] 185 root - INFO - <<<<<<<<<<<<<<<<<<<<<<<<<<<<<< Completed data transformation for Test Data >>>>>>>>>>>>>>>>>>>>>>>>>>>>>>
[ 2023-06-25 16:01:15,187 ] 16 root - INFO - Connecting to a Database
[ 2023-06-25 16:01:15,196 ] 24 root - INFO - Successfully connected
[ 2023-06-25 16:01:15,196 ] 32 root - INFO - Reading the Train data from the database
[ 2023-06-25 16:01:15,337 ] 37 root - INFO - Reading the Train data successful
[ 2023-06-25 16:01:15,345 ] 45 root - INFO - Reading the test data from the database
[ 2023-06-25 16:01:15,430 ] 50 root - INFO - Reading the test data successful
[ 2023-06-25 16:01:15,430 ] 22 root - INFO - <<<<<<<<<<<<<<<<<<<<<<<<<<<<<< Started data transformation for Train Data >>>>>>>>>>>>>>>>>>>>>>>>>>>>>>
[ 2023-06-25 16:01:15,430 ] 23 root - INFO - Started reading the train data
[ 2023-06-25 16:01:15,445 ] 26 root - INFO - Reading the train data completed
[ 2023-06-25 16:01:15,453 ] 32 root - INFO -  Started Filling the null Values of Item weight
[ 2023-06-25 16:01:15,485 ] 40 root - INFO - Completed filling the null values
[ 2023-06-25 16:01:15,485 ] 42 root - INFO - Started filling null values of Outlet size
[ 2023-06-25 16:01:15,493 ] 45 root - INFO - Filling null values of Outlet size is completed
[ 2023-06-25 16:01:15,493 ] 49 root - INFO - Started replacing the values of Item fat content
[ 2023-06-25 16:01:15,493 ] 55 root - INFO - Replacing the values of Item fat content completed
[ 2023-06-25 16:01:15,493 ] 60 root - INFO - Applying label encoding to Item type and Outlet identifier
[ 2023-06-25 16:01:15,493 ] 65 root - INFO - Applying label encoding to Item type and Outlet identifier completed
[ 2023-06-25 16:01:15,493 ] 65 root - INFO - Applying label encoding to Item type and Outlet identifier completed
[ 2023-06-25 16:01:15,501 ] 73 root - INFO - Started Label encoding to Item fat content
[ 2023-06-25 16:01:15,501 ] 76 root - INFO - Label encoding to Item fat content completed
[ 2023-06-25 16:01:15,501 ] 80 root - INFO - Started Label encoding to outlet size
[ 2023-06-25 16:01:15,509 ] 83 root - INFO - Label encoding to outlet size completed
[ 2023-06-25 16:01:15,509 ] 87 root - INFO - Started Label encoding to outlet location type
[ 2023-06-25 16:01:15,517 ] 90 root - INFO -  Label encoding to outlet location type completed
[ 2023-06-25 16:01:15,517 ] 94 root - INFO - Started Label encoding to outlet type
[ 2023-06-25 16:01:15,525 ] 97 root - INFO - Label encoding to outlet type completed
[ 2023-06-25 16:01:15,525 ] 101 root - INFO - <<<<<<<<<<<<<<<<<<<<<<<<<<<<<< Completed data transformation for Train Data >>>>>>>>>>>>>>>>>>>>>>>>>>>>>>
[ 2023-06-25 16:01:15,525 ] 106 root - INFO - <<<<<<<<<<<<<<<<<<<<<<<<<<<<<< Started data transformation for Test Data >>>>>>>>>>>>>>>>>>>>>>>>>>>>>>
[ 2023-06-25 16:01:15,525 ] 107 root - INFO - Started reading the test data
[ 2023-06-25 16:01:15,541 ] 110 root - INFO - Reading the test data completed
[ 2023-06-25 16:01:15,541 ] 116 root - INFO -  Started Filling the null Values of Item weight
[ 2023-06-25 16:01:15,565 ] 124 root - INFO - Completed filling the null values
[ 2023-06-25 16:01:15,565 ] 126 root - INFO - Started filling null values of Outlet size
[ 2023-06-25 16:01:15,565 ] 129 root - INFO - Filling null values of Outlet size is completed
[ 2023-06-25 16:01:15,565 ] 133 root - INFO - Started replacing the values of Item fat content
[ 2023-06-25 16:01:15,565 ] 139 root - INFO - Replacing the values of Item fat content completed
[ 2023-06-25 16:01:15,565 ] 144 root - INFO - Applying label encoding to Item type and Outlet identifier
[ 2023-06-25 16:01:15,573 ] 149 root - INFO - Applying label encoding to Item type and Outlet identifier completed
[ 2023-06-25 16:01:15,573 ] 149 root - INFO - Applying label encoding to Item type and Outlet identifier completed
[ 2023-06-25 16:01:15,573 ] 157 root - INFO - Started Label encoding to Item fat content
[ 2023-06-25 16:01:15,581 ] 160 root - INFO - Label encoding to Item fat content completed
[ 2023-06-25 16:01:15,581 ] 164 root - INFO - Started Label encoding to outlet size
[ 2023-06-25 16:01:15,581 ] 167 root - INFO - Label encoding to outlet size completed
[ 2023-06-25 16:01:15,581 ] 171 root - INFO - Started Label encoding to outlet location type
[ 2023-06-25 16:01:15,589 ] 174 root - INFO -  Label encoding to outlet location type completed
[ 2023-06-25 16:01:15,589 ] 178 root - INFO - Started Label encoding to outlet type
[ 2023-06-25 16:01:15,589 ] 181 root - INFO - Label encoding to outlet type completed
[ 2023-06-25 16:01:15,589 ] 185 root - INFO - <<<<<<<<<<<<<<<<<<<<<<<<<<<<<< Completed data transformation for Test Data >>>>>>>>>>>>>>>>>>>>>>>>>>>>>>
[ 2023-06-25 16:01:15,697 ] 28 root - INFO - Started Feature selection
[ 2023-06-25 16:01:15,697 ] 32 root - INFO - Feature selection completed
[ 2023-06-25 16:01:15,697 ] 36 root - INFO - Started splitting the data into Train and Test set
[ 2023-06-25 16:01:15,763 ] 39 root - INFO - Splitting the data into Train and Test set completed
[ 2023-06-25 16:01:15,763 ] 48 root - INFO - Started fitting Model Using Linear Regression
[ 2023-06-25 16:01:16,071 ] 53 root - INFO - Fitting Model Using Linear Regression completed
[ 2023-06-25 16:01:16,071 ] 57 root - INFO - Saving the Linear Regression model
[ 2023-06-25 16:01:16,071 ] 63 root - INFO - Saving the Linear Regression model completed
[ 2023-06-25 16:01:16,079 ] 72 root - INFO - Started fitting Model Using ExtraTree Regression
[ 2023-06-25 16:01:18,322 ] 77 root - INFO - Fitting Model Using ExtraTree Regression completed
[ 2023-06-25 16:01:18,322 ] 81 root - INFO - Saving the ExtraTree Regression model
[ 2023-06-25 16:01:18,465 ] 87 root - INFO - Saving the ExtraTree Regression model completed
[ 2023-06-25 16:01:18,465 ] 96 root - INFO - Started fitting Model Using Gradient Boosting Regression
[ 2023-06-25 16:01:19,628 ] 101 root - INFO - Fitting Model Using Gradient Boosting Regression completed
[ 2023-06-25 16:01:19,628 ] 105 root - INFO - Saving the Gradient Boosting Regression model
[ 2023-06-25 16:01:19,670 ] 111 root - INFO - Saving the Gradient Boosting Regression model completed
[ 2023-06-25 16:21:26,714 ] 16 root - INFO - Connecting to a Database
[ 2023-06-25 16:21:26,898 ] 24 root - INFO - Successfully connected
[ 2023-06-25 16:21:26,898 ] 32 root - INFO - Reading the Train data from the database
[ 2023-06-25 16:21:27,042 ] 37 root - INFO - Reading the Train data successful
[ 2023-06-25 16:21:27,042 ] 45 root - INFO - Reading the test data from the database
[ 2023-06-25 16:21:27,146 ] 50 root - INFO - Reading the test data successful
[ 2023-06-25 16:21:27,146 ] 22 root - INFO - <<<<<<<<<<<<<<<<<<<<<<<<<<<<<< Started data transformation for Train Data >>>>>>>>>>>>>>>>>>>>>>>>>>>>>>
[ 2023-06-25 16:21:27,146 ] 23 root - INFO - Started reading the train data
[ 2023-06-25 16:21:27,186 ] 26 root - INFO - Reading the train data completed
[ 2023-06-25 16:21:27,186 ] 32 root - INFO -  Started Filling the null Values of Item weight
[ 2023-06-25 16:21:27,234 ] 40 root - INFO - Completed filling the null values
[ 2023-06-25 16:21:27,234 ] 42 root - INFO - Started filling null values of Outlet size
[ 2023-06-25 16:21:27,242 ] 45 root - INFO - Filling null values of Outlet size is completed
[ 2023-06-25 16:21:27,242 ] 49 root - INFO - Started replacing the values of Item fat content
[ 2023-06-25 16:21:27,242 ] 55 root - INFO - Replacing the values of Item fat content completed
[ 2023-06-25 16:21:27,242 ] 60 root - INFO - Applying label encoding to Item type and Outlet identifier
[ 2023-06-25 16:21:27,242 ] 65 root - INFO - Applying label encoding to Item type and Outlet identifier completed
[ 2023-06-25 16:21:27,250 ] 65 root - INFO - Applying label encoding to Item type and Outlet identifier completed
[ 2023-06-25 16:21:27,250 ] 73 root - INFO - Started Label encoding to Item fat content
[ 2023-06-25 16:21:27,258 ] 76 root - INFO - Label encoding to Item fat content completed
[ 2023-06-25 16:21:27,258 ] 80 root - INFO - Started Label encoding to outlet size
[ 2023-06-25 16:21:27,266 ] 83 root - INFO - Label encoding to outlet size completed
[ 2023-06-25 16:21:27,266 ] 87 root - INFO - Started Label encoding to outlet location type
[ 2023-06-25 16:21:27,274 ] 90 root - INFO -  Label encoding to outlet location type completed
[ 2023-06-25 16:21:27,274 ] 94 root - INFO - Started Label encoding to outlet type
[ 2023-06-25 16:21:27,282 ] 97 root - INFO - Label encoding to outlet type completed
[ 2023-06-25 16:21:27,282 ] 101 root - INFO - <<<<<<<<<<<<<<<<<<<<<<<<<<<<<< Completed data transformation for Train Data >>>>>>>>>>>>>>>>>>>>>>>>>>>>>>
[ 2023-06-25 16:21:27,282 ] 106 root - INFO - <<<<<<<<<<<<<<<<<<<<<<<<<<<<<< Started data transformation for Test Data >>>>>>>>>>>>>>>>>>>>>>>>>>>>>>
[ 2023-06-25 16:21:27,282 ] 107 root - INFO - Started reading the test data
[ 2023-06-25 16:21:27,306 ] 110 root - INFO - Reading the test data completed
[ 2023-06-25 16:21:27,306 ] 116 root - INFO -  Started Filling the null Values of Item weight
[ 2023-06-25 16:21:27,339 ] 124 root - INFO - Completed filling the null values
[ 2023-06-25 16:21:27,339 ] 126 root - INFO - Started filling null values of Outlet size
[ 2023-06-25 16:21:27,339 ] 129 root - INFO - Filling null values of Outlet size is completed
[ 2023-06-25 16:21:27,339 ] 133 root - INFO - Started replacing the values of Item fat content
[ 2023-06-25 16:21:27,347 ] 139 root - INFO - Replacing the values of Item fat content completed
[ 2023-06-25 16:21:27,347 ] 144 root - INFO - Applying label encoding to Item type and Outlet identifier
[ 2023-06-25 16:21:27,347 ] 149 root - INFO - Applying label encoding to Item type and Outlet identifier completed
[ 2023-06-25 16:21:27,347 ] 149 root - INFO - Applying label encoding to Item type and Outlet identifier completed
[ 2023-06-25 16:21:27,347 ] 157 root - INFO - Started Label encoding to Item fat content
[ 2023-06-25 16:21:27,356 ] 160 root - INFO - Label encoding to Item fat content completed
[ 2023-06-25 16:21:27,356 ] 164 root - INFO - Started Label encoding to outlet size
[ 2023-06-25 16:21:27,364 ] 167 root - INFO - Label encoding to outlet size completed
[ 2023-06-25 16:21:27,364 ] 171 root - INFO - Started Label encoding to outlet location type
[ 2023-06-25 16:21:27,364 ] 174 root - INFO -  Label encoding to outlet location type completed
[ 2023-06-25 16:21:27,364 ] 178 root - INFO - Started Label encoding to outlet type
[ 2023-06-25 16:21:27,373 ] 181 root - INFO - Label encoding to outlet type completed
[ 2023-06-25 16:21:27,373 ] 185 root - INFO - <<<<<<<<<<<<<<<<<<<<<<<<<<<<<< Completed data transformation for Test Data >>>>>>>>>>>>>>>>>>>>>>>>>>>>>>
[ 2023-06-25 16:21:27,489 ] 28 root - INFO - Started Feature selection
[ 2023-06-25 16:21:27,489 ] 32 root - INFO - Feature selection completed
[ 2023-06-25 16:21:27,489 ] 36 root - INFO - Started splitting the data into Train and Test set
[ 2023-06-25 16:21:27,489 ] 39 root - INFO - Splitting the data into Train and Test set completed
[ 2023-06-25 16:21:27,489 ] 48 root - INFO - Started fitting Model Using Linear Regression
[ 2023-06-25 16:21:27,497 ] 53 root - INFO - Fitting Model Using Linear Regression completed
[ 2023-06-25 16:21:27,497 ] 57 root - INFO - Saving the Linear Regression model
[ 2023-06-25 16:21:27,505 ] 63 root - INFO - Saving the Linear Regression model completed
[ 2023-06-25 16:21:27,505 ] 72 root - INFO - Started fitting Model Using ExtraTree Regression
[ 2023-06-25 16:21:29,063 ] 77 root - INFO - Fitting Model Using ExtraTree Regression completed
[ 2023-06-25 16:21:29,063 ] 81 root - INFO - Saving the ExtraTree Regression model
[ 2023-06-25 16:21:29,147 ] 87 root - INFO - Saving the ExtraTree Regression model completed
[ 2023-06-25 16:21:29,147 ] 96 root - INFO - Started fitting Model Using Gradient Boosting Regression
[ 2023-06-25 16:21:30,155 ] 101 root - INFO - Fitting Model Using Gradient Boosting Regression completed
[ 2023-06-25 16:21:30,155 ] 105 root - INFO - Saving the Gradient Boosting Regression model
[ 2023-06-25 16:21:30,163 ] 111 root - INFO - Saving the Gradient Boosting Regression model completed
[ 2023-06-25 16:23:44,063 ] 16 root - INFO - Connecting to a Database
[ 2023-06-25 16:23:44,071 ] 24 root - INFO - Successfully connected
[ 2023-06-25 16:23:44,071 ] 32 root - INFO - Reading the Train data from the database
[ 2023-06-25 16:23:44,311 ] 37 root - INFO - Reading the Train data successful
[ 2023-06-25 16:23:44,311 ] 45 root - INFO - Reading the test data from the database
[ 2023-06-25 16:23:44,439 ] 50 root - INFO - Reading the test data successful
[ 2023-06-25 16:23:44,439 ] 22 root - INFO - <<<<<<<<<<<<<<<<<<<<<<<<<<<<<< Started data transformation for Train Data >>>>>>>>>>>>>>>>>>>>>>>>>>>>>>
[ 2023-06-25 16:23:44,439 ] 23 root - INFO - Started reading the train data
[ 2023-06-25 16:23:44,463 ] 26 root - INFO - Reading the train data completed
[ 2023-06-25 16:23:44,463 ] 32 root - INFO -  Started Filling the null Values of Item weight
[ 2023-06-25 16:23:44,487 ] 40 root - INFO - Completed filling the null values
[ 2023-06-25 16:23:44,487 ] 42 root - INFO - Started filling null values of Outlet size
[ 2023-06-25 16:23:44,487 ] 45 root - INFO - Filling null values of Outlet size is completed
[ 2023-06-25 16:23:44,487 ] 49 root - INFO - Started replacing the values of Item fat content
[ 2023-06-25 16:23:44,487 ] 55 root - INFO - Replacing the values of Item fat content completed
[ 2023-06-25 16:23:44,487 ] 60 root - INFO - Applying label encoding to Item type and Outlet identifier
[ 2023-06-25 16:23:44,495 ] 65 root - INFO - Applying label encoding to Item type and Outlet identifier completed
[ 2023-06-25 16:23:44,495 ] 65 root - INFO - Applying label encoding to Item type and Outlet identifier completed
[ 2023-06-25 16:23:44,495 ] 73 root - INFO - Started Label encoding to Item fat content
[ 2023-06-25 16:23:44,503 ] 76 root - INFO - Label encoding to Item fat content completed
[ 2023-06-25 16:23:44,503 ] 80 root - INFO - Started Label encoding to outlet size
[ 2023-06-25 16:23:44,511 ] 83 root - INFO - Label encoding to outlet size completed
[ 2023-06-25 16:23:44,511 ] 87 root - INFO - Started Label encoding to outlet location type
[ 2023-06-25 16:23:44,511 ] 90 root - INFO -  Label encoding to outlet location type completed
[ 2023-06-25 16:23:44,511 ] 94 root - INFO - Started Label encoding to outlet type
[ 2023-06-25 16:23:44,520 ] 97 root - INFO - Label encoding to outlet type completed
[ 2023-06-25 16:23:44,520 ] 101 root - INFO - <<<<<<<<<<<<<<<<<<<<<<<<<<<<<< Completed data transformation for Train Data >>>>>>>>>>>>>>>>>>>>>>>>>>>>>>
[ 2023-06-25 16:23:44,520 ] 106 root - INFO - <<<<<<<<<<<<<<<<<<<<<<<<<<<<<< Started data transformation for Test Data >>>>>>>>>>>>>>>>>>>>>>>>>>>>>>
[ 2023-06-25 16:23:44,520 ] 107 root - INFO - Started reading the test data
[ 2023-06-25 16:23:44,536 ] 110 root - INFO - Reading the test data completed
[ 2023-06-25 16:23:44,536 ] 116 root - INFO -  Started Filling the null Values of Item weight
[ 2023-06-25 16:23:44,560 ] 124 root - INFO - Completed filling the null values
[ 2023-06-25 16:23:44,560 ] 126 root - INFO - Started filling null values of Outlet size
[ 2023-06-25 16:23:44,568 ] 129 root - INFO - Filling null values of Outlet size is completed
[ 2023-06-25 16:23:44,568 ] 133 root - INFO - Started replacing the values of Item fat content
[ 2023-06-25 16:23:44,568 ] 139 root - INFO - Replacing the values of Item fat content completed
[ 2023-06-25 16:23:44,568 ] 144 root - INFO - Applying label encoding to Item type and Outlet identifier
[ 2023-06-25 16:23:44,568 ] 149 root - INFO - Applying label encoding to Item type and Outlet identifier completed
[ 2023-06-25 16:23:44,576 ] 149 root - INFO - Applying label encoding to Item type and Outlet identifier completed
[ 2023-06-25 16:23:44,576 ] 157 root - INFO - Started Label encoding to Item fat content
[ 2023-06-25 16:23:44,576 ] 160 root - INFO - Label encoding to Item fat content completed
[ 2023-06-25 16:23:44,576 ] 164 root - INFO - Started Label encoding to outlet size
[ 2023-06-25 16:23:44,592 ] 167 root - INFO - Label encoding to outlet size completed
[ 2023-06-25 16:23:44,592 ] 171 root - INFO - Started Label encoding to outlet location type
[ 2023-06-25 16:23:44,592 ] 174 root - INFO -  Label encoding to outlet location type completed
[ 2023-06-25 16:23:44,600 ] 178 root - INFO - Started Label encoding to outlet type
[ 2023-06-25 16:23:44,600 ] 181 root - INFO - Label encoding to outlet type completed
[ 2023-06-25 16:23:44,600 ] 185 root - INFO - <<<<<<<<<<<<<<<<<<<<<<<<<<<<<< Completed data transformation for Test Data >>>>>>>>>>>>>>>>>>>>>>>>>>>>>>
[ 2023-06-25 16:23:44,712 ] 28 root - INFO - Started Feature selection
[ 2023-06-25 16:23:44,712 ] 32 root - INFO - Feature selection completed
[ 2023-06-25 16:23:44,712 ] 36 root - INFO - Started splitting the data into Train and Test set
[ 2023-06-25 16:23:44,712 ] 39 root - INFO - Splitting the data into Train and Test set completed
[ 2023-06-25 16:23:44,712 ] 48 root - INFO - Started fitting Model Using Linear Regression
[ 2023-06-25 16:23:44,720 ] 53 root - INFO - Fitting Model Using Linear Regression completed
[ 2023-06-25 16:23:44,720 ] 57 root - INFO - Saving the Linear Regression model
[ 2023-06-25 16:23:44,720 ] 63 root - INFO - Saving the Linear Regression model completed
[ 2023-06-25 16:23:44,720 ] 72 root - INFO - Started fitting Model Using ExtraTree Regression
[ 2023-06-25 16:23:46,361 ] 77 root - INFO - Fitting Model Using ExtraTree Regression completed
[ 2023-06-25 16:23:46,361 ] 81 root - INFO - Saving the ExtraTree Regression model
[ 2023-06-25 16:23:46,436 ] 87 root - INFO - Saving the ExtraTree Regression model completed
[ 2023-06-25 16:23:46,436 ] 96 root - INFO - Started fitting Model Using Gradient Boosting Regression
[ 2023-06-25 16:23:47,304 ] 101 root - INFO - Fitting Model Using Gradient Boosting Regression completed
[ 2023-06-25 16:23:47,304 ] 105 root - INFO - Saving the Gradient Boosting Regression model
[ 2023-06-25 16:23:47,304 ] 111 root - INFO - Saving the Gradient Boosting Regression model completed
[ 2023-06-25 16:41:15,257 ] 16 root - INFO - Connecting to a Database
[ 2023-06-25 16:41:15,273 ] 24 root - INFO - Successfully connected
[ 2023-06-25 16:41:15,273 ] 32 root - INFO - Reading the Train data from the database
[ 2023-06-25 16:41:15,483 ] 37 root - INFO - Reading the Train data successful
[ 2023-06-25 16:41:15,483 ] 45 root - INFO - Reading the test data from the database
[ 2023-06-25 16:41:15,632 ] 50 root - INFO - Reading the test data successful
[ 2023-06-25 16:41:15,632 ] 22 root - INFO - <<<<<<<<<<<<<<<<<<<<<<<<<<<<<< Started data transformation for Train Data >>>>>>>>>>>>>>>>>>>>>>>>>>>>>>
[ 2023-06-25 16:41:15,632 ] 23 root - INFO - Started reading the train data
[ 2023-06-25 16:41:15,656 ] 26 root - INFO - Reading the train data completed
[ 2023-06-25 16:41:15,656 ] 32 root - INFO -  Started Filling the null Values of Item weight
[ 2023-06-25 16:41:15,680 ] 40 root - INFO - Completed filling the null values
[ 2023-06-25 16:41:15,680 ] 42 root - INFO - Started filling null values of Outlet size
[ 2023-06-25 16:41:15,680 ] 45 root - INFO - Filling null values of Outlet size is completed
[ 2023-06-25 16:41:15,680 ] 49 root - INFO - Started replacing the values of Item fat content
[ 2023-06-25 16:41:15,680 ] 55 root - INFO - Replacing the values of Item fat content completed
[ 2023-06-25 16:41:15,680 ] 60 root - INFO - Applying label encoding to Item type and Outlet identifier
[ 2023-06-25 16:41:15,688 ] 65 root - INFO - Applying label encoding to Item type and Outlet identifier completed
[ 2023-06-25 16:41:15,688 ] 65 root - INFO - Applying label encoding to Item type and Outlet identifier completed
[ 2023-06-25 16:41:15,688 ] 73 root - INFO - Started Label encoding to Item fat content
[ 2023-06-25 16:41:15,697 ] 76 root - INFO - Label encoding to Item fat content completed
[ 2023-06-25 16:41:15,697 ] 80 root - INFO - Started Label encoding to outlet size
[ 2023-06-25 16:41:15,697 ] 83 root - INFO - Label encoding to outlet size completed
[ 2023-06-25 16:41:15,697 ] 87 root - INFO - Started Label encoding to outlet location type
[ 2023-06-25 16:41:15,705 ] 90 root - INFO -  Label encoding to outlet location type completed
[ 2023-06-25 16:41:15,705 ] 94 root - INFO - Started Label encoding to outlet type
[ 2023-06-25 16:41:15,713 ] 97 root - INFO - Label encoding to outlet type completed
[ 2023-06-25 16:41:15,713 ] 101 root - INFO - <<<<<<<<<<<<<<<<<<<<<<<<<<<<<< Completed data transformation for Train Data >>>>>>>>>>>>>>>>>>>>>>>>>>>>>>
[ 2023-06-25 16:41:15,713 ] 106 root - INFO - <<<<<<<<<<<<<<<<<<<<<<<<<<<<<< Started data transformation for Test Data >>>>>>>>>>>>>>>>>>>>>>>>>>>>>>
[ 2023-06-25 16:41:15,713 ] 107 root - INFO - Started reading the test data
[ 2023-06-25 16:41:15,729 ] 110 root - INFO - Reading the test data completed
[ 2023-06-25 16:41:15,729 ] 116 root - INFO -  Started Filling the null Values of Item weight
[ 2023-06-25 16:41:15,761 ] 124 root - INFO - Completed filling the null values
[ 2023-06-25 16:41:15,761 ] 126 root - INFO - Started filling null values of Outlet size
[ 2023-06-25 16:41:15,761 ] 129 root - INFO - Filling null values of Outlet size is completed
[ 2023-06-25 16:41:15,761 ] 133 root - INFO - Started replacing the values of Item fat content
[ 2023-06-25 16:41:15,761 ] 139 root - INFO - Replacing the values of Item fat content completed
[ 2023-06-25 16:41:15,761 ] 144 root - INFO - Applying label encoding to Item type and Outlet identifier
[ 2023-06-25 16:41:15,761 ] 149 root - INFO - Applying label encoding to Item type and Outlet identifier completed
[ 2023-06-25 16:41:15,769 ] 149 root - INFO - Applying label encoding to Item type and Outlet identifier completed
[ 2023-06-25 16:41:15,769 ] 157 root - INFO - Started Label encoding to Item fat content
[ 2023-06-25 16:41:15,769 ] 160 root - INFO - Label encoding to Item fat content completed
[ 2023-06-25 16:41:15,769 ] 164 root - INFO - Started Label encoding to outlet size
[ 2023-06-25 16:41:15,777 ] 167 root - INFO - Label encoding to outlet size completed
[ 2023-06-25 16:41:15,777 ] 171 root - INFO - Started Label encoding to outlet location type
[ 2023-06-25 16:41:15,785 ] 174 root - INFO -  Label encoding to outlet location type completed
[ 2023-06-25 16:41:15,785 ] 178 root - INFO - Started Label encoding to outlet type
[ 2023-06-25 16:41:15,785 ] 181 root - INFO - Label encoding to outlet type completed
[ 2023-06-25 16:41:15,785 ] 185 root - INFO - <<<<<<<<<<<<<<<<<<<<<<<<<<<<<< Completed data transformation for Test Data >>>>>>>>>>>>>>>>>>>>>>>>>>>>>>
[ 2023-06-25 16:41:16,081 ] 28 root - INFO - Started Feature selection
[ 2023-06-25 16:41:16,081 ] 32 root - INFO - Feature selection completed
[ 2023-06-25 16:41:16,081 ] 36 root - INFO - Started splitting the data into Train and Test set
[ 2023-06-25 16:41:16,089 ] 39 root - INFO - Splitting the data into Train and Test set completed
[ 2023-06-25 16:41:16,089 ] 48 root - INFO - Started fitting Model Using Linear Regression
[ 2023-06-25 16:41:16,115 ] 53 root - INFO - Fitting Model Using Linear Regression completed
[ 2023-06-25 16:41:16,115 ] 57 root - INFO - Saving the Linear Regression model
[ 2023-06-25 16:41:16,115 ] 63 root - INFO - Saving the Linear Regression model completed
[ 2023-06-25 16:41:16,115 ] 72 root - INFO - Started fitting Model Using ExtraTree Regression
[ 2023-06-25 16:41:17,729 ] 77 root - INFO - Fitting Model Using ExtraTree Regression completed
[ 2023-06-25 16:41:17,729 ] 81 root - INFO - Saving the ExtraTree Regression model
[ 2023-06-25 16:41:17,813 ] 87 root - INFO - Saving the ExtraTree Regression model completed
[ 2023-06-25 16:41:17,813 ] 96 root - INFO - Started fitting Model Using Gradient Boosting Regression
[ 2023-06-25 16:41:18,678 ] 101 root - INFO - Fitting Model Using Gradient Boosting Regression completed
[ 2023-06-25 16:41:18,678 ] 105 root - INFO - Saving the Gradient Boosting Regression model
[ 2023-06-25 16:41:18,680 ] 111 root - INFO - Saving the Gradient Boosting Regression model completed
[ 2023-06-25 16:47:35,239 ] 16 root - INFO - Connecting to a Database
[ 2023-06-25 16:47:35,255 ] 24 root - INFO - Successfully connected
[ 2023-06-25 16:47:35,255 ] 32 root - INFO - Reading the Train data from the database
[ 2023-06-25 16:47:35,606 ] 37 root - INFO - Reading the Train data successful
[ 2023-06-25 16:47:35,606 ] 45 root - INFO - Reading the test data from the database
[ 2023-06-25 16:47:35,732 ] 50 root - INFO - Reading the test data successful
[ 2023-06-25 16:47:35,732 ] 22 root - INFO - <<<<<<<<<<<<<<<<<<<<<<<<<<<<<< Started data transformation for Train Data >>>>>>>>>>>>>>>>>>>>>>>>>>>>>>
[ 2023-06-25 16:47:35,732 ] 23 root - INFO - Started reading the train data
[ 2023-06-25 16:47:35,756 ] 26 root - INFO - Reading the train data completed
[ 2023-06-25 16:47:35,756 ] 32 root - INFO -  Started Filling the null Values of Item weight
[ 2023-06-25 16:47:35,781 ] 40 root - INFO - Completed filling the null values
[ 2023-06-25 16:47:35,781 ] 42 root - INFO - Started filling null values of Outlet size
[ 2023-06-25 16:47:35,781 ] 45 root - INFO - Filling null values of Outlet size is completed
[ 2023-06-25 16:47:35,781 ] 49 root - INFO - Started replacing the values of Item fat content
[ 2023-06-25 16:47:35,781 ] 55 root - INFO - Replacing the values of Item fat content completed
[ 2023-06-25 16:47:35,789 ] 60 root - INFO - Applying label encoding to Item type and Outlet identifier
[ 2023-06-25 16:47:35,789 ] 65 root - INFO - Applying label encoding to Item type and Outlet identifier completed
[ 2023-06-25 16:47:35,789 ] 65 root - INFO - Applying label encoding to Item type and Outlet identifier completed
[ 2023-06-25 16:47:35,789 ] 73 root - INFO - Started Label encoding to Item fat content
[ 2023-06-25 16:47:35,798 ] 76 root - INFO - Label encoding to Item fat content completed
[ 2023-06-25 16:47:35,798 ] 80 root - INFO - Started Label encoding to outlet size
[ 2023-06-25 16:47:35,806 ] 83 root - INFO - Label encoding to outlet size completed
[ 2023-06-25 16:47:35,806 ] 87 root - INFO - Started Label encoding to outlet location type
[ 2023-06-25 16:47:35,806 ] 90 root - INFO -  Label encoding to outlet location type completed
[ 2023-06-25 16:47:35,806 ] 94 root - INFO - Started Label encoding to outlet type
[ 2023-06-25 16:47:35,814 ] 97 root - INFO - Label encoding to outlet type completed
[ 2023-06-25 16:47:35,814 ] 101 root - INFO - <<<<<<<<<<<<<<<<<<<<<<<<<<<<<< Completed data transformation for Train Data >>>>>>>>>>>>>>>>>>>>>>>>>>>>>>
[ 2023-06-25 16:47:35,814 ] 106 root - INFO - <<<<<<<<<<<<<<<<<<<<<<<<<<<<<< Started data transformation for Test Data >>>>>>>>>>>>>>>>>>>>>>>>>>>>>>
[ 2023-06-25 16:47:35,814 ] 107 root - INFO - Started reading the test data
[ 2023-06-25 16:47:35,831 ] 110 root - INFO - Reading the test data completed
[ 2023-06-25 16:47:35,831 ] 116 root - INFO -  Started Filling the null Values of Item weight
[ 2023-06-25 16:47:35,856 ] 124 root - INFO - Completed filling the null values
[ 2023-06-25 16:47:35,856 ] 126 root - INFO - Started filling null values of Outlet size
[ 2023-06-25 16:47:35,856 ] 129 root - INFO - Filling null values of Outlet size is completed
[ 2023-06-25 16:47:35,856 ] 133 root - INFO - Started replacing the values of Item fat content
[ 2023-06-25 16:47:35,864 ] 139 root - INFO - Replacing the values of Item fat content completed
[ 2023-06-25 16:47:35,864 ] 144 root - INFO - Applying label encoding to Item type and Outlet identifier
[ 2023-06-25 16:47:35,864 ] 149 root - INFO - Applying label encoding to Item type and Outlet identifier completed
[ 2023-06-25 16:47:35,872 ] 149 root - INFO - Applying label encoding to Item type and Outlet identifier completed
[ 2023-06-25 16:47:35,872 ] 157 root - INFO - Started Label encoding to Item fat content
[ 2023-06-25 16:47:35,872 ] 160 root - INFO - Label encoding to Item fat content completed
[ 2023-06-25 16:47:35,872 ] 164 root - INFO - Started Label encoding to outlet size
[ 2023-06-25 16:47:35,880 ] 167 root - INFO - Label encoding to outlet size completed
[ 2023-06-25 16:47:35,880 ] 171 root - INFO - Started Label encoding to outlet location type
[ 2023-06-25 16:47:35,888 ] 174 root - INFO -  Label encoding to outlet location type completed
[ 2023-06-25 16:47:35,888 ] 178 root - INFO - Started Label encoding to outlet type
[ 2023-06-25 16:47:35,888 ] 181 root - INFO - Label encoding to outlet type completed
[ 2023-06-25 16:47:35,888 ] 185 root - INFO - <<<<<<<<<<<<<<<<<<<<<<<<<<<<<< Completed data transformation for Test Data >>>>>>>>>>>>>>>>>>>>>>>>>>>>>>
[ 2023-06-25 16:47:36,024 ] 28 root - INFO - Started Feature selection
[ 2023-06-25 16:47:36,024 ] 32 root - INFO - Feature selection completed
[ 2023-06-25 16:47:36,024 ] 36 root - INFO - Started splitting the data into Train and Test set
[ 2023-06-25 16:47:36,024 ] 39 root - INFO - Splitting the data into Train and Test set completed
[ 2023-06-25 16:47:36,024 ] 48 root - INFO - Started fitting Model Using Linear Regression
[ 2023-06-25 16:47:36,032 ] 53 root - INFO - Fitting Model Using Linear Regression completed
[ 2023-06-25 16:47:36,032 ] 57 root - INFO - Saving the Linear Regression model
[ 2023-06-25 16:47:36,032 ] 63 root - INFO - Saving the Linear Regression model completed
[ 2023-06-25 16:47:36,032 ] 72 root - INFO - Started fitting Model Using ExtraTree Regression
[ 2023-06-25 16:47:37,631 ] 77 root - INFO - Fitting Model Using ExtraTree Regression completed
[ 2023-06-25 16:47:37,631 ] 81 root - INFO - Saving the ExtraTree Regression model
[ 2023-06-25 16:47:37,714 ] 87 root - INFO - Saving the ExtraTree Regression model completed
[ 2023-06-25 16:47:37,714 ] 96 root - INFO - Started fitting Model Using Gradient Boosting Regression
[ 2023-06-25 16:47:38,743 ] 101 root - INFO - Fitting Model Using Gradient Boosting Regression completed
[ 2023-06-25 16:47:38,743 ] 105 root - INFO - Saving the Gradient Boosting Regression model
[ 2023-06-25 16:47:38,743 ] 111 root - INFO - Saving the Gradient Boosting Regression model completed
