[ 2023-06-25 21:32:51,916 ] 16 root - INFO - Connecting to a Database
[ 2023-06-25 21:32:51,947 ] 24 root - INFO - Successfully connected
[ 2023-06-25 21:32:51,947 ] 32 root - INFO - Reading the Train data from the database
[ 2023-06-25 21:32:52,131 ] 37 root - INFO - Reading the Train data successful
[ 2023-06-25 21:32:52,131 ] 45 root - INFO - Reading the test data from the database
[ 2023-06-25 21:32:52,215 ] 50 root - INFO - Reading the test data successful
[ 2023-06-25 21:32:52,215 ] 22 root - INFO - Started data transformation for Train Data
[ 2023-06-25 21:32:52,215 ] 24 root - INFO - Started reading the train data
[ 2023-06-25 21:32:52,231 ] 27 root - INFO - Reading the train data completed
[ 2023-06-25 21:32:52,246 ] 33 root - INFO -  Started Filling the null Values of Item weight
[ 2023-06-25 21:32:52,262 ] 41 root - INFO - Completed filling the null values
[ 2023-06-25 21:32:52,262 ] 43 root - INFO - Started filling null values of Outlet size
[ 2023-06-25 21:32:52,262 ] 46 root - INFO - Filling null values of Outlet size is completed
[ 2023-06-25 21:32:52,262 ] 50 root - INFO - Started replacing the values of Item fat content
[ 2023-06-25 21:32:52,262 ] 56 root - INFO - Replacing the values of Item fat content completed
[ 2023-06-25 21:32:52,262 ] 61 root - INFO - Applying label encoding to Item type and Outlet identifier
[ 2023-06-25 21:32:52,262 ] 66 root - INFO - Applying label encoding to Item type and Outlet identifier completed
[ 2023-06-25 21:32:52,262 ] 66 root - INFO - Applying label encoding to Item type and Outlet identifier completed
[ 2023-06-25 21:32:52,262 ] 74 root - INFO - Started Label encoding to Item fat content
[ 2023-06-25 21:32:52,262 ] 77 root - INFO - Label encoding to Item fat content completed
[ 2023-06-25 21:32:52,262 ] 81 root - INFO - Started Label encoding to outlet size
[ 2023-06-25 21:32:52,262 ] 84 root - INFO - Label encoding to outlet size completed
[ 2023-06-25 21:32:52,262 ] 88 root - INFO - Started Label encoding to outlet location type
[ 2023-06-25 21:32:52,277 ] 91 root - INFO -  Label encoding to outlet location type completed
[ 2023-06-25 21:32:52,277 ] 95 root - INFO - Started Label encoding to outlet type
[ 2023-06-25 21:32:52,277 ] 98 root - INFO - Label encoding to outlet type completed
[ 2023-06-25 21:32:52,277 ] 102 root - INFO - Completed data transformation for Train Data
[ 2023-06-25 21:32:52,277 ] 107 root - INFO - Started data transformation for Test Data
[ 2023-06-25 21:32:52,277 ] 108 root - INFO - Started reading the test data
[ 2023-06-25 21:32:52,293 ] 111 root - INFO - Reading the test data completed
[ 2023-06-25 21:32:52,293 ] 117 root - INFO -  Started Filling the null Values of Item weight
[ 2023-06-25 21:32:52,293 ] 125 root - INFO - Completed filling the null values
[ 2023-06-25 21:32:52,293 ] 127 root - INFO - Started filling null values of Outlet size
[ 2023-06-25 21:32:52,309 ] 130 root - INFO - Filling null values of Outlet size is completed
[ 2023-06-25 21:32:52,309 ] 134 root - INFO - Started replacing the values of Item fat content
[ 2023-06-25 21:32:52,309 ] 140 root - INFO - Replacing the values of Item fat content completed
[ 2023-06-25 21:32:52,309 ] 145 root - INFO - Applying label encoding to Item type and Outlet identifier
[ 2023-06-25 21:32:52,309 ] 150 root - INFO - Applying label encoding to Item type and Outlet identifier completed
[ 2023-06-25 21:32:52,309 ] 150 root - INFO - Applying label encoding to Item type and Outlet identifier completed
[ 2023-06-25 21:32:52,309 ] 158 root - INFO - Started Label encoding to Item fat content
[ 2023-06-25 21:32:52,309 ] 161 root - INFO - Label encoding to Item fat content completed
[ 2023-06-25 21:32:52,309 ] 165 root - INFO - Started Label encoding to outlet size
[ 2023-06-25 21:32:52,309 ] 168 root - INFO - Label encoding to outlet size completed
[ 2023-06-25 21:32:52,309 ] 172 root - INFO - Started Label encoding to outlet location type
[ 2023-06-25 21:32:52,324 ] 175 root - INFO -  Label encoding to outlet location type completed
[ 2023-06-25 21:32:52,324 ] 179 root - INFO - Started Label encoding to outlet type
[ 2023-06-25 21:32:52,324 ] 182 root - INFO - Label encoding to outlet type completed
[ 2023-06-25 21:32:52,324 ] 186 root - INFO - Completed data transformation for Test Data
[ 2023-06-25 21:32:52,698 ] 12 root - INFO - Pipeline started
[ 2023-06-25 21:32:52,698 ] 16 root - INFO - Connecting to a Database
[ 2023-06-25 21:32:52,698 ] 24 root - INFO - Successfully connected
[ 2023-06-25 21:32:52,698 ] 32 root - INFO - Reading the Train data from the database
[ 2023-06-25 21:32:52,786 ] 37 root - INFO - Reading the Train data successful
[ 2023-06-25 21:32:52,787 ] 45 root - INFO - Reading the test data from the database
[ 2023-06-25 21:32:52,839 ] 50 root - INFO - Reading the test data successful
[ 2023-06-25 21:32:52,840 ] 22 root - INFO - Started data transformation for Train Data
[ 2023-06-25 21:32:52,841 ] 24 root - INFO - Started reading the train data
[ 2023-06-25 21:32:52,855 ] 27 root - INFO - Reading the train data completed
[ 2023-06-25 21:32:52,856 ] 33 root - INFO -  Started Filling the null Values of Item weight
[ 2023-06-25 21:32:52,870 ] 41 root - INFO - Completed filling the null values
[ 2023-06-25 21:32:52,870 ] 43 root - INFO - Started filling null values of Outlet size
[ 2023-06-25 21:32:52,871 ] 46 root - INFO - Filling null values of Outlet size is completed
[ 2023-06-25 21:32:52,871 ] 50 root - INFO - Started replacing the values of Item fat content
[ 2023-06-25 21:32:52,873 ] 56 root - INFO - Replacing the values of Item fat content completed
[ 2023-06-25 21:32:52,873 ] 61 root - INFO - Applying label encoding to Item type and Outlet identifier
[ 2023-06-25 21:32:52,874 ] 66 root - INFO - Applying label encoding to Item type and Outlet identifier completed
[ 2023-06-25 21:32:52,876 ] 66 root - INFO - Applying label encoding to Item type and Outlet identifier completed
[ 2023-06-25 21:32:52,876 ] 74 root - INFO - Started Label encoding to Item fat content
[ 2023-06-25 21:32:52,880 ] 77 root - INFO - Label encoding to Item fat content completed
[ 2023-06-25 21:32:52,880 ] 81 root - INFO - Started Label encoding to outlet size
[ 2023-06-25 21:32:52,885 ] 84 root - INFO - Label encoding to outlet size completed
[ 2023-06-25 21:32:52,885 ] 88 root - INFO - Started Label encoding to outlet location type
[ 2023-06-25 21:32:52,888 ] 91 root - INFO -  Label encoding to outlet location type completed
[ 2023-06-25 21:32:52,888 ] 95 root - INFO - Started Label encoding to outlet type
[ 2023-06-25 21:32:52,891 ] 98 root - INFO - Label encoding to outlet type completed
[ 2023-06-25 21:32:52,891 ] 102 root - INFO - Completed data transformation for Train Data
[ 2023-06-25 21:32:52,891 ] 107 root - INFO - Started data transformation for Test Data
[ 2023-06-25 21:32:52,891 ] 108 root - INFO - Started reading the test data
[ 2023-06-25 21:32:52,903 ] 111 root - INFO - Reading the test data completed
[ 2023-06-25 21:32:52,903 ] 117 root - INFO -  Started Filling the null Values of Item weight
[ 2023-06-25 21:32:52,916 ] 125 root - INFO - Completed filling the null values
[ 2023-06-25 21:32:52,916 ] 127 root - INFO - Started filling null values of Outlet size
[ 2023-06-25 21:32:52,918 ] 130 root - INFO - Filling null values of Outlet size is completed
[ 2023-06-25 21:32:52,918 ] 134 root - INFO - Started replacing the values of Item fat content
[ 2023-06-25 21:32:52,919 ] 140 root - INFO - Replacing the values of Item fat content completed
[ 2023-06-25 21:32:52,920 ] 145 root - INFO - Applying label encoding to Item type and Outlet identifier
[ 2023-06-25 21:32:52,921 ] 150 root - INFO - Applying label encoding to Item type and Outlet identifier completed
[ 2023-06-25 21:32:52,922 ] 150 root - INFO - Applying label encoding to Item type and Outlet identifier completed
[ 2023-06-25 21:32:52,922 ] 158 root - INFO - Started Label encoding to Item fat content
[ 2023-06-25 21:32:52,926 ] 161 root - INFO - Label encoding to Item fat content completed
[ 2023-06-25 21:32:52,926 ] 165 root - INFO - Started Label encoding to outlet size
[ 2023-06-25 21:32:52,929 ] 168 root - INFO - Label encoding to outlet size completed
[ 2023-06-25 21:32:52,929 ] 172 root - INFO - Started Label encoding to outlet location type
[ 2023-06-25 21:32:52,932 ] 175 root - INFO -  Label encoding to outlet location type completed
[ 2023-06-25 21:32:52,933 ] 179 root - INFO - Started Label encoding to outlet type
[ 2023-06-25 21:32:52,935 ] 182 root - INFO - Label encoding to outlet type completed
[ 2023-06-25 21:32:52,935 ] 186 root - INFO - Completed data transformation for Test Data
[ 2023-06-25 21:32:53,010 ] 28 root - INFO - Started Feature selection
[ 2023-06-25 21:32:53,010 ] 32 root - INFO - Feature selection completed
[ 2023-06-25 21:32:53,010 ] 36 root - INFO - Started splitting the data into Train and Test set
[ 2023-06-25 21:32:53,011 ] 39 root - INFO - Splitting the data into Train and Test set completed
[ 2023-06-25 21:32:53,012 ] 48 root - INFO - Started fitting Model Using Linear Regression
[ 2023-06-25 21:32:53,017 ] 53 root - INFO - Fitting Model Using Linear Regression completed
[ 2023-06-25 21:32:53,017 ] 57 root - INFO - Saving the Linear Regression model
[ 2023-06-25 21:32:53,017 ] 63 root - INFO - Saving the Linear Regression model completed
[ 2023-06-25 21:32:53,017 ] 72 root - INFO - Started fitting Model Using ExtraTree Regression
[ 2023-06-25 21:32:54,092 ] 77 root - INFO - Fitting Model Using ExtraTree Regression completed
[ 2023-06-25 21:32:54,092 ] 81 root - INFO - Saving the ExtraTree Regression model
[ 2023-06-25 21:32:54,153 ] 87 root - INFO - Saving the ExtraTree Regression model completed
[ 2023-06-25 21:32:54,153 ] 96 root - INFO - Started fitting Model Using Gradient Boosting Regression
[ 2023-06-25 21:32:54,771 ] 101 root - INFO - Fitting Model Using Gradient Boosting Regression completed
[ 2023-06-25 21:32:54,771 ] 105 root - INFO - Saving the Gradient Boosting Regression model
[ 2023-06-25 21:32:54,774 ] 111 root - INFO - Saving the Gradient Boosting Regression model completed
[ 2023-06-25 21:32:54,778 ] 14 root - INFO - Started prediction on test data
[ 2023-06-25 21:32:54,803 ] 19 root - INFO - Prediction on test data completed
[ 2023-06-25 21:32:54,803 ] 27 root - INFO - Pipeline completed
[ 2023-06-25 21:32:54,822 ] 187 werkzeug - INFO - [31m[1mWARNING: This is a development server. Do not use it in a production deployment. Use a production WSGI server instead.[0m
 * Running on http://127.0.0.1:5000
[ 2023-06-25 21:32:54,822 ] 187 werkzeug - INFO - [33mPress CTRL+C to quit[0m
[ 2023-06-25 21:32:54,824 ] 187 werkzeug - INFO -  * Restarting with stat
[ 2023-06-25 21:40:11,697 ] 187 werkzeug - INFO -  * Restarting with stat
[ 2023-06-25 21:40:26,513 ] 187 werkzeug - INFO -  * Restarting with stat
[ 2023-06-25 21:40:34,961 ] 187 werkzeug - INFO -  * Restarting with stat
[ 2023-06-25 21:42:27,329 ] 187 werkzeug - INFO -  * Restarting with stat
